[Sat Apr  4 00:45:26 2026
] Iniciando copia: test_1KB.bin -> copia1.txt
Copia finalizada correctamente

[Sat Apr  4 00:45:26 2026
] Iniciando copia: test_1KB.bin -> copia1.txt
Copia finalizada correctamente

[Sat Apr  4 00:45:26 2026
] Iniciando copia: test_1KB.bin -> copia1.txt
Copia finalizada correctamente

[Sat Apr  4 00:46:04 2026
] Iniciando copia: test_1MB.bin -> copia2.txt
Copia finalizada correctamente

[Sat Apr  4 00:46:04 2026
] Iniciando copia: test_1MB.bin -> copia2.txt
Copia finalizada correctamente

[Sat Apr  4 00:46:04 2026
] Iniciando copia: test_1MB.bin -> copia2.txt
Copia finalizada correctamente

[Sat Apr  4 00:46:32 2026
] Iniciando copia: test_1GB.bin -> copia3.txt
Copia finalizada correctamente

[Sat Apr  4 00:46:36 2026
] Iniciando copia: test_1GB.bin -> copia3.txt
Copia finalizada correctamente

[Sat Apr  4 00:46:37 2026
] Iniciando copia: test_1GB.bin -> copia3.txt
Copia finalizada correctamente

